<?xml version="1.0" encoding="UTF-8"?>
<!-- Generated by org.testng.reporters.JUnitXMLReporter -->
<testsuite ignored="0" hostname="DESKTOP-JFDGGD2" failures="0" tests="4" name="CURA Health Care" time="30.483" errors="0" timestamp="2024-01-07T13:22:32 WAT">
  <testcase classname="Login" name="CheckUrl" time="7.287"/>
  <testcase classname="Login" name="LoginCase1" time="7.921"/>
  <testcase classname="Login" name="LoginCase2" time="7.587"/>
  <testcase classname="Login" name="LoginCase3" time="7.553"/>
</testsuite> <!-- CURA Health Care -->
