<?xml version="1.0" encoding="UTF-8"?>
<testng-results ignored="0" total="7" passed="7" failed="0" skipped="0">
  <reporter-output>
  </reporter-output>
  <suite started-at="2024-01-23T07:08:13 WAT" name="CURA Test Suite" finished-at="2024-01-23T07:09:12 WAT" duration-ms="59868">
    <groups>
    </groups>
    <test started-at="2024-01-23T07:08:13 WAT" name="CURA Health Care" finished-at="2024-01-23T07:09:12 WAT" duration-ms="59868">
      <class name="Appointment">
        <test-method is-config="true" signature="init()[pri:0, instance:Appointment@161479c6]" started-at="2024-01-23T07:08:47 WAT" name="init" finished-at="2024-01-23T07:08:47 WAT" duration-ms="3" status="PASS">
          <reporter-output>
          </reporter-output>
        </test-method> <!-- init -->
        <test-method signature="AppointmentCase1(java.lang.String)[pri:0, instance:Appointment@161479c6]" started-at="2024-01-23T07:08:47 WAT" name="AppointmentCase1" description="Booking without a comment" finished-at="2024-01-23T07:08:55 WAT" duration-ms="7609" status="PASS">
          <params>
            <param index="0">
              <value>
                <![CDATA[https://katalon-demo-cura.herokuapp.com/]]>
              </value>
            </param>
          </params>
          <reporter-output>
          </reporter-output>
        </test-method> <!-- AppointmentCase1 -->
        <test-method is-config="true" signature="init()[pri:0, instance:Appointment@161479c6]" started-at="2024-01-23T07:08:55 WAT" name="init" finished-at="2024-01-23T07:08:55 WAT" duration-ms="4" status="PASS">
          <reporter-output>
          </reporter-output>
        </test-method> <!-- init -->
        <test-method signature="AppointmentCase2(java.lang.String)[pri:0, instance:Appointment@161479c6]" started-at="2024-01-23T07:08:55 WAT" name="AppointmentCase2" description="Booking with a comment and a different facility" finished-at="2024-01-23T07:09:04 WAT" duration-ms="9208" status="PASS">
          <params>
            <param index="0">
              <value>
                <![CDATA[https://katalon-demo-cura.herokuapp.com/]]>
              </value>
            </param>
          </params>
          <reporter-output>
          </reporter-output>
        </test-method> <!-- AppointmentCase2 -->
        <test-method is-config="true" signature="init()[pri:0, instance:Appointment@161479c6]" started-at="2024-01-23T07:09:04 WAT" name="init" finished-at="2024-01-23T07:09:04 WAT" duration-ms="3" status="PASS">
          <reporter-output>
          </reporter-output>
        </test-method> <!-- init -->
        <test-method signature="AppointmentCase3(java.lang.String)[pri:0, instance:Appointment@161479c6]" started-at="2024-01-23T07:09:04 WAT" name="AppointmentCase3" description="Submitting without filling the form" finished-at="2024-01-23T07:09:12 WAT" duration-ms="8091" status="PASS">
          <params>
            <param index="0">
              <value>
                <![CDATA[https://katalon-demo-cura.herokuapp.com/]]>
              </value>
            </param>
          </params>
          <reporter-output>
          </reporter-output>
        </test-method> <!-- AppointmentCase3 -->
      </class> <!-- Appointment -->
      <class name="Login">
        <test-method is-config="true" signature="init()[pri:0, instance:Login@12d4bf7e]" started-at="2024-01-23T07:08:13 WAT" name="init" finished-at="2024-01-23T07:08:13 WAT" duration-ms="65" status="PASS">
          <reporter-output>
          </reporter-output>
        </test-method> <!-- init -->
        <test-method signature="CheckUrl(java.lang.String)[pri:0, instance:Login@12d4bf7e]" started-at="2024-01-23T07:08:13 WAT" name="CheckUrl" description="Check Url Validity" finished-at="2024-01-23T07:08:28 WAT" duration-ms="14949" status="PASS">
          <params>
            <param index="0">
              <value>
                <![CDATA[https://katalon-demo-cura.herokuapp.com/]]>
              </value>
            </param>
          </params>
          <reporter-output>
          </reporter-output>
        </test-method> <!-- CheckUrl -->
        <test-method is-config="true" signature="init()[pri:0, instance:Login@12d4bf7e]" started-at="2024-01-23T07:08:28 WAT" name="init" finished-at="2024-01-23T07:08:28 WAT" duration-ms="1" status="PASS">
          <reporter-output>
          </reporter-output>
        </test-method> <!-- init -->
        <test-method signature="LoginCase1(java.lang.String)[pri:0, instance:Login@12d4bf7e]" started-at="2024-01-23T07:08:28 WAT" name="LoginCase1" description="Wrong Username" finished-at="2024-01-23T07:08:35 WAT" duration-ms="7314" status="PASS">
          <params>
            <param index="0">
              <value>
                <![CDATA[https://katalon-demo-cura.herokuapp.com/]]>
              </value>
            </param>
          </params>
          <reporter-output>
          </reporter-output>
        </test-method> <!-- LoginCase1 -->
        <test-method is-config="true" signature="init()[pri:0, instance:Login@12d4bf7e]" started-at="2024-01-23T07:08:35 WAT" name="init" finished-at="2024-01-23T07:08:35 WAT" duration-ms="1" status="PASS">
          <reporter-output>
          </reporter-output>
        </test-method> <!-- init -->
        <test-method signature="LoginCase2(java.lang.String)[pri:0, instance:Login@12d4bf7e]" started-at="2024-01-23T07:08:35 WAT" name="LoginCase2" description="Wrong Password" finished-at="2024-01-23T07:08:41 WAT" duration-ms="6237" status="PASS">
          <params>
            <param index="0">
              <value>
                <![CDATA[https://katalon-demo-cura.herokuapp.com/]]>
              </value>
            </param>
          </params>
          <reporter-output>
          </reporter-output>
        </test-method> <!-- LoginCase2 -->
        <test-method is-config="true" signature="init()[pri:0, instance:Login@12d4bf7e]" started-at="2024-01-23T07:08:41 WAT" name="init" finished-at="2024-01-23T07:08:41 WAT" duration-ms="1" status="PASS">
          <reporter-output>
          </reporter-output>
        </test-method> <!-- init -->
        <test-method signature="LoginCase3(java.lang.String)[pri:0, instance:Login@12d4bf7e]" started-at="2024-01-23T07:08:41 WAT" name="LoginCase3" description="Valid Credentials" finished-at="2024-01-23T07:08:47 WAT" duration-ms="6318" status="PASS">
          <params>
            <param index="0">
              <value>
                <![CDATA[https://katalon-demo-cura.herokuapp.com/]]>
              </value>
            </param>
          </params>
          <reporter-output>
          </reporter-output>
        </test-method> <!-- LoginCase3 -->
      </class> <!-- Login -->
    </test> <!-- CURA Health Care -->
  </suite> <!-- CURA Test Suite -->
</testng-results>
