<?xml version="1.0" encoding="UTF-8"?>
<!-- Generated by org.testng.reporters.JUnitXMLReporter -->
<testsuite ignored="0" hostname="OZM-TECH-L48" failures="0" tests="7" name="CURA Health Care" time="59.868" errors="0" timestamp="2024-01-23T07:09:12 WAT">
  <testcase classname="Login" name="CheckUrl" time="14.949"/>
  <testcase classname="Login" name="LoginCase1" time="7.314"/>
  <testcase classname="Login" name="LoginCase2" time="6.237"/>
  <testcase classname="Login" name="LoginCase3" time="6.318"/>
  <testcase classname="Appointment" name="AppointmentCase1" time="7.609"/>
  <testcase classname="Appointment" name="AppointmentCase2" time="9.208"/>
  <testcase classname="Appointment" name="AppointmentCase3" time="8.091"/>
</testsuite> <!-- CURA Health Care -->
